  g_ai.c
C:\Users\rober\source\repos\quake2-full\ctf\g_ai.c(771,47): warning C4100: 'dist': unreferenced formal parameter
  g_chase.c
C:\Users\rober\source\repos\quake2-full\ctf\g_chase.c(102,3): warning C4996: 'sprintf': This function or variable may be unsafe. Consider using sprintf_s instead. To disable deprecation, use _CRT_SECURE_NO_WARNINGS. See online help for details.
  g_cmds.c
C:\Users\rober\source\repos\quake2-full\ctf\g_cmds.c(34,8): warning C4996: 'strcpy': This function or variable may be unsafe. Consider using strcpy_s instead. To disable deprecation, use _CRT_SECURE_NO_WARNINGS. See online help for details.
C:\Users\rober\source\repos\quake2-full\ctf\g_cmds.c(57,9): warning C4996: 'strcpy': This function or variable may be unsafe. Consider using strcpy_s instead. To disable deprecation, use _CRT_SECURE_NO_WARNINGS. See online help for details.
C:\Users\rober\source\repos\quake2-full\ctf\g_cmds.c(58,9): warning C4996: 'strcpy': This function or variable may be unsafe. Consider using strcpy_s instead. To disable deprecation, use _CRT_SECURE_NO_WARNINGS. See online help for details.
C:\Users\rober\source\repos\quake2-full\ctf\g_cmds.c(790,11): warning C4996: 'strcat': This function or variable may be unsafe. Consider using strcat_s instead. To disable deprecation, use _CRT_SECURE_NO_WARNINGS. See online help for details.
C:\Users\rober\source\repos\quake2-full\ctf\g_cmds.c(793,10): warning C4996: 'strcat': This function or variable may be unsafe. Consider using strcat_s instead. To disable deprecation, use _CRT_SECURE_NO_WARNINGS. See online help for details.
C:\Users\rober\source\repos\quake2-full\ctf\g_cmds.c(905,10): warning C4996: 'strcat': This function or variable may be unsafe. Consider using strcat_s instead. To disable deprecation, use _CRT_SECURE_NO_WARNINGS. See online help for details.
C:\Users\rober\source\repos\quake2-full\ctf\g_cmds.c(906,10): warning C4996: 'strcat': This function or variable may be unsafe. Consider using strcat_s instead. To disable deprecation, use _CRT_SECURE_NO_WARNINGS. See online help for details.
C:\Users\rober\source\repos\quake2-full\ctf\g_cmds.c(907,10): warning C4996: 'strcat': This function or variable may be unsafe. Consider using strcat_s instead. To disable deprecation, use _CRT_SECURE_NO_WARNINGS. See online help for details.
C:\Users\rober\source\repos\quake2-full\ctf\g_cmds.c(918,9): warning C4996: 'strcat': This function or variable may be unsafe. Consider using strcat_s instead. To disable deprecation, use _CRT_SECURE_NO_WARNINGS. See online help for details.
C:\Users\rober\source\repos\quake2-full\ctf\g_cmds.c(925,8): warning C4996: 'strcat': This function or variable may be unsafe. Consider using strcat_s instead. To disable deprecation, use _CRT_SECURE_NO_WARNINGS. See online help for details.
  g_combat.c
  g_ctf.c
C:\Users\rober\source\repos\quake2-full\ctf\g_ctf.c(377,9): warning C4996: 'strcpy': This function or variable may be unsafe. Consider using strcpy_s instead. To disable deprecation, use _CRT_SECURE_NO_WARNINGS. See online help for details.
C:\Users\rober\source\repos\quake2-full\ctf\g_ctf.c(519,45): warning C4100: 'inflictor': unreferenced formal parameter
C:\Users\rober\source\repos\quake2-full\ctf\g_ctf.c(875,46): warning C4100: 'item': unreferenced formal parameter
C:\Users\rober\source\repos\quake2-full\ctf\g_ctf.c(1031,9): warning C4996: 'strcpy': This function or variable may be unsafe. Consider using strcpy_s instead. To disable deprecation, use _CRT_SECURE_NO_WARNINGS. See online help for details.
C:\Users\rober\source\repos\quake2-full\ctf\g_ctf.c(1077,9): warning C4456: declaration of 'i' hides previous local declaration
C:\Users\rober\source\repos\quake2-full\ctf\g_ctf.c(1019,6): message : see declaration of 'i'
C:\Users\rober\source\repos\quake2-full\ctf\g_ctf.c(1096,9): warning C4456: declaration of 'i' hides previous local declaration
C:\Users\rober\source\repos\quake2-full\ctf\g_ctf.c(1019,6): message : see declaration of 'i'
C:\Users\rober\source\repos\quake2-full\ctf\g_ctf.c(1160,36): warning C4100: 'self': unreferenced formal parameter
C:\Users\rober\source\repos\quake2-full\ctf\g_ctf.c(1167,36): warning C4100: 'self': unreferenced formal parameter
C:\Users\rober\source\repos\quake2-full\ctf\g_ctf.c(1697,11): warning C4996: 'strcat': This function or variable may be unsafe. Consider using strcat_s instead. To disable deprecation, use _CRT_SECURE_NO_WARNINGS. See online help for details.
C:\Users\rober\source\repos\quake2-full\ctf\g_ctf.c(1733,11): warning C4996: 'strcat': This function or variable may be unsafe. Consider using strcat_s instead. To disable deprecation, use _CRT_SECURE_NO_WARNINGS. See online help for details.
C:\Users\rober\source\repos\quake2-full\ctf\g_ctf.c(1760,11): warning C4996: 'strcat': This function or variable may be unsafe. Consider using strcat_s instead. To disable deprecation, use _CRT_SECURE_NO_WARNINGS. See online help for details.
C:\Users\rober\source\repos\quake2-full\ctf\g_ctf.c(1773,11): warning C4996: 'strcat': This function or variable may be unsafe. Consider using strcat_s instead. To disable deprecation, use _CRT_SECURE_NO_WARNINGS. See online help for details.
C:\Users\rober\source\repos\quake2-full\ctf\g_ctf.c(1642,2): warning C4996: 'sprintf': This function or variable may be unsafe. Consider using sprintf_s instead. To disable deprecation, use _CRT_SECURE_NO_WARNINGS. See online help for details.
C:\Users\rober\source\repos\quake2-full\ctf\g_ctf.c(1684,4): warning C4996: 'sprintf': This function or variable may be unsafe. Consider using sprintf_s instead. To disable deprecation, use _CRT_SECURE_NO_WARNINGS. See online help for details.
C:\Users\rober\source\repos\quake2-full\ctf\g_ctf.c(1692,5): warning C4996: 'sprintf': This function or variable may be unsafe. Consider using sprintf_s instead. To disable deprecation, use _CRT_SECURE_NO_WARNINGS. See online help for details.
C:\Users\rober\source\repos\quake2-full\ctf\g_ctf.c(1721,4): warning C4996: 'sprintf': This function or variable may be unsafe. Consider using sprintf_s instead. To disable deprecation, use _CRT_SECURE_NO_WARNINGS. See online help for details.
C:\Users\rober\source\repos\quake2-full\ctf\g_ctf.c(1729,5): warning C4996: 'sprintf': This function or variable may be unsafe. Consider using sprintf_s instead. To disable deprecation, use _CRT_SECURE_NO_WARNINGS. See online help for details.
C:\Users\rober\source\repos\quake2-full\ctf\g_ctf.c(1759,5): warning C4996: 'sprintf': This function or variable may be unsafe. Consider using sprintf_s instead. To disable deprecation, use _CRT_SECURE_NO_WARNINGS. See online help for details.
C:\Users\rober\source\repos\quake2-full\ctf\g_ctf.c(1765,4): warning C4996: 'sprintf': This function or variable may be unsafe. Consider using sprintf_s instead. To disable deprecation, use _CRT_SECURE_NO_WARNINGS. See online help for details.
C:\Users\rober\source\repos\quake2-full\ctf\g_ctf.c(1784,3): warning C4996: 'sprintf': This function or variable may be unsafe. Consider using sprintf_s instead. To disable deprecation, use _CRT_SECURE_NO_WARNINGS. See online help for details.
C:\Users\rober\source\repos\quake2-full\ctf\g_ctf.c(1787,3): warning C4996: 'sprintf': This function or variable may be unsafe. Consider using sprintf_s instead. To disable deprecation, use _CRT_SECURE_NO_WARNINGS. See online help for details.
C:\Users\rober\source\repos\quake2-full\ctf\g_ctf.c(1588,51): warning C4100: 'killer': unreferenced formal parameter
C:\Users\rober\source\repos\quake2-full\ctf\g_ctf.c(1588,37): warning C4100: 'ent': unreferenced formal parameter
C:\Users\rober\source\repos\quake2-full\ctf\g_ctf.c(2223,9): warning C4996: 'strcpy': This function or variable may be unsafe. Consider using strcpy_s instead. To disable deprecation, use _CRT_SECURE_NO_WARNINGS. See online help for details.
C:\Users\rober\source\repos\quake2-full\ctf\g_ctf.c(2251,9): warning C4996: 'strcpy': This function or variable may be unsafe. Consider using strcpy_s instead. To disable deprecation, use _CRT_SECURE_NO_WARNINGS. See online help for details.
C:\Users\rober\source\repos\quake2-full\ctf\g_ctf.c(2257,9): warning C4996: 'strcpy': This function or variable may be unsafe. Consider using strcpy_s instead. To disable deprecation, use _CRT_SECURE_NO_WARNINGS. See online help for details.
C:\Users\rober\source\repos\quake2-full\ctf\g_ctf.c(2265,10): warning C4996: 'strcat': This function or variable may be unsafe. Consider using strcat_s instead. To disable deprecation, use _CRT_SECURE_NO_WARNINGS. See online help for details.
C:\Users\rober\source\repos\quake2-full\ctf\g_ctf.c(2267,10): warning C4996: 'strcat': This function or variable may be unsafe. Consider using strcat_s instead. To disable deprecation, use _CRT_SECURE_NO_WARNINGS. See online help for details.
C:\Users\rober\source\repos\quake2-full\ctf\g_ctf.c(2269,9): warning C4996: 'strcat': This function or variable may be unsafe. Consider using strcat_s instead. To disable deprecation, use _CRT_SECURE_NO_WARNINGS. See online help for details.
C:\Users\rober\source\repos\quake2-full\ctf\g_ctf.c(2272,9): warning C4996: 'strcat': This function or variable may be unsafe. Consider using strcat_s instead. To disable deprecation, use _CRT_SECURE_NO_WARNINGS. See online help for details.
C:\Users\rober\source\repos\quake2-full\ctf\g_ctf.c(2274,9): warning C4996: 'strcat': This function or variable may be unsafe. Consider using strcat_s instead. To disable deprecation, use _CRT_SECURE_NO_WARNINGS. See online help for details.
C:\Users\rober\source\repos\quake2-full\ctf\g_ctf.c(2276,9): warning C4996: 'strcat': This function or variable may be unsafe. Consider using strcat_s instead. To disable deprecation, use _CRT_SECURE_NO_WARNINGS. See online help for details.
C:\Users\rober\source\repos\quake2-full\ctf\g_ctf.c(2278,8): warning C4996: 'strcat': This function or variable may be unsafe. Consider using strcat_s instead. To disable deprecation, use _CRT_SECURE_NO_WARNINGS. See online help for details.
C:\Users\rober\source\repos\quake2-full\ctf\g_ctf.c(2305,11): warning C4996: 'strcat': This function or variable may be unsafe. Consider using strcat_s instead. To disable deprecation, use _CRT_SECURE_NO_WARNINGS. See online help for details.
C:\Users\rober\source\repos\quake2-full\ctf\g_ctf.c(2312,9): warning C4996: 'strcpy': This function or variable may be unsafe. Consider using strcpy_s instead. To disable deprecation, use _CRT_SECURE_NO_WARNINGS. See online help for details.
C:\Users\rober\source\repos\quake2-full\ctf\g_ctf.c(2294,4): warning C4996: 'sprintf': This function or variable may be unsafe. Consider using sprintf_s instead. To disable deprecation, use _CRT_SECURE_NO_WARNINGS. See online help for details.
C:\Users\rober\source\repos\quake2-full\ctf\g_ctf.c(2306,4): warning C4996: 'sprintf': This function or variable may be unsafe. Consider using sprintf_s instead. To disable deprecation, use _CRT_SECURE_NO_WARNINGS. See online help for details.
C:\Users\rober\source\repos\quake2-full\ctf\g_ctf.c(2318,9): warning C4996: 'strcpy': This function or variable may be unsafe. Consider using strcpy_s instead. To disable deprecation, use _CRT_SECURE_NO_WARNINGS. See online help for details.
C:\Users\rober\source\repos\quake2-full\ctf\g_ctf.c(2320,3): warning C4996: 'sprintf': This function or variable may be unsafe. Consider using sprintf_s instead. To disable deprecation, use _CRT_SECURE_NO_WARNINGS. See online help for details.
C:\Users\rober\source\repos\quake2-full\ctf\g_ctf.c(2338,8): warning C4996: 'strcpy': This function or variable may be unsafe. Consider using strcpy_s instead. To disable deprecation, use _CRT_SECURE_NO_WARNINGS. See online help for details.
C:\Users\rober\source\repos\quake2-full\ctf\g_ctf.c(2333,4): warning C4996: 'sprintf': This function or variable may be unsafe. Consider using sprintf_s instead. To disable deprecation, use _CRT_SECURE_NO_WARNINGS. See online help for details.
C:\Users\rober\source\repos\quake2-full\ctf\g_ctf.c(2344,9): warning C4996: 'strcpy': This function or variable may be unsafe. Consider using strcpy_s instead. To disable deprecation, use _CRT_SECURE_NO_WARNINGS. See online help for details.
C:\Users\rober\source\repos\quake2-full\ctf\g_ctf.c(2346,9): warning C4996: 'strcpy': This function or variable may be unsafe. Consider using strcpy_s instead. To disable deprecation, use _CRT_SECURE_NO_WARNINGS. See online help for details.
C:\Users\rober\source\repos\quake2-full\ctf\g_ctf.c(2367,12): warning C4996: 'strcat': This function or variable may be unsafe. Consider using strcat_s instead. To disable deprecation, use _CRT_SECURE_NO_WARNINGS. See online help for details.
C:\Users\rober\source\repos\quake2-full\ctf\g_ctf.c(2368,11): warning C4996: 'strcat': This function or variable may be unsafe. Consider using strcat_s instead. To disable deprecation, use _CRT_SECURE_NO_WARNINGS. See online help for details.
C:\Users\rober\source\repos\quake2-full\ctf\g_ctf.c(2373,9): warning C4996: 'strcpy': This function or variable may be unsafe. Consider using strcpy_s instead. To disable deprecation, use _CRT_SECURE_NO_WARNINGS. See online help for details.
C:\Users\rober\source\repos\quake2-full\ctf\g_ctf.c(2378,11): warning C4996: 'strcat': This function or variable may be unsafe. Consider using strcat_s instead. To disable deprecation, use _CRT_SECURE_NO_WARNINGS. See online help for details.
C:\Users\rober\source\repos\quake2-full\ctf\g_ctf.c(2379,10): warning C4996: 'strcat': This function or variable may be unsafe. Consider using strcat_s instead. To disable deprecation, use _CRT_SECURE_NO_WARNINGS. See online help for details.
C:\Users\rober\source\repos\quake2-full\ctf\g_ctf.c(2381,9): warning C4996: 'strcpy': This function or variable may be unsafe. Consider using strcpy_s instead. To disable deprecation, use _CRT_SECURE_NO_WARNINGS. See online help for details.
C:\Users\rober\source\repos\quake2-full\ctf\g_ctf.c(2383,9): warning C4996: 'strcpy': This function or variable may be unsafe. Consider using strcpy_s instead. To disable deprecation, use _CRT_SECURE_NO_WARNINGS. See online help for details.
C:\Users\rober\source\repos\quake2-full\ctf\g_ctf.c(2410,12): warning C4996: 'strcpy': This function or variable may be unsafe. Consider using strcpy_s instead. To disable deprecation, use _CRT_SECURE_NO_WARNINGS. See online help for details.
C:\Users\rober\source\repos\quake2-full\ctf\g_ctf.c(2416,12): warning C4996: 'strcpy': This function or variable may be unsafe. Consider using strcpy_s instead. To disable deprecation, use _CRT_SECURE_NO_WARNINGS. See online help for details.
C:\Users\rober\source\repos\quake2-full\ctf\g_ctf.c(2422,12): warning C4996: 'strcpy': This function or variable may be unsafe. Consider using strcpy_s instead. To disable deprecation, use _CRT_SECURE_NO_WARNINGS. See online help for details.
C:\Users\rober\source\repos\quake2-full\ctf\g_ctf.c(2428,12): warning C4996: 'strcpy': This function or variable may be unsafe. Consider using strcpy_s instead. To disable deprecation, use _CRT_SECURE_NO_WARNINGS. See online help for details.
C:\Users\rober\source\repos\quake2-full\ctf\g_ctf.c(2434,12): warning C4996: 'strcpy': This function or variable may be unsafe. Consider using strcpy_s instead. To disable deprecation, use _CRT_SECURE_NO_WARNINGS. See online help for details.
C:\Users\rober\source\repos\quake2-full\ctf\g_ctf.c(2441,12): warning C4996: 'strcpy': This function or variable may be unsafe. Consider using strcpy_s instead. To disable deprecation, use _CRT_SECURE_NO_WARNINGS. See online help for details.
C:\Users\rober\source\repos\quake2-full\ctf\g_ctf.c(2516,3): warning C4996: 'strncpy': This function or variable may be unsafe. Consider using strncpy_s instead. To disable deprecation, use _CRT_SECURE_NO_WARNINGS. See online help for details.
C:\Users\rober\source\repos\quake2-full\ctf\g_ctf.c(2518,3): warning C4996: 'strncpy': This function or variable may be unsafe. Consider using strncpy_s instead. To disable deprecation, use _CRT_SECURE_NO_WARNINGS. See online help for details.
C:\Users\rober\source\repos\quake2-full\ctf\g_ctf.c(2565,2): warning C4996: 'strncpy': This function or variable may be unsafe. Consider using strncpy_s instead. To disable deprecation, use _CRT_SECURE_NO_WARNINGS. See online help for details.
C:\Users\rober\source\repos\quake2-full\ctf\g_ctf.c(2640,8): warning C4996: 'strcpy': This function or variable may be unsafe. Consider using strcpy_s instead. To disable deprecation, use _CRT_SECURE_NO_WARNINGS. See online help for details.
C:\Users\rober\source\repos\quake2-full\ctf\g_ctf.c(2652,6): warning C4189: 'ghost': local variable is initialized but not referenced
C:\Users\rober\source\repos\quake2-full\ctf\g_ctf.c(2752,3): warning C4996: 'strncpy': This function or variable may be unsafe. Consider using strncpy_s instead. To disable deprecation, use _CRT_SECURE_NO_WARNINGS. See online help for details.
C:\Users\rober\source\repos\quake2-full\ctf\g_ctf.c(3040,45): warning C4100: 'p': unreferenced formal parameter
C:\Users\rober\source\repos\quake2-full\ctf\g_ctf.c(3045,45): warning C4100: 'p': unreferenced formal parameter
C:\Users\rober\source\repos\quake2-full\ctf\g_ctf.c(3050,44): warning C4100: 'p': unreferenced formal parameter
C:\Users\rober\source\repos\quake2-full\ctf\g_ctf.c(3077,48): warning C4100: 'p': unreferenced formal parameter
C:\Users\rober\source\repos\quake2-full\ctf\g_ctf.c(3089,2): warning C4996: 'sprintf': This function or variable may be unsafe. Consider using sprintf_s instead. To disable deprecation, use _CRT_SECURE_NO_WARNINGS. See online help for details.
C:\Users\rober\source\repos\quake2-full\ctf\g_ctf.c(3083,48): warning C4100: 'p': unreferenced formal parameter
C:\Users\rober\source\repos\quake2-full\ctf\g_ctf.c(3096,43): warning C4100: 'p': unreferenced formal parameter
C:\Users\rober\source\repos\quake2-full\ctf\g_ctf.c(3129,7): warning C4996: 'stricmp': The POSIX name for this item is deprecated. Instead, use the ISO C and C++ conformant name: _stricmp. See online help for details.
C:\Users\rober\source\repos\quake2-full\ctf\g_ctf.c(3132,14): warning C4996: 'stricmp': The POSIX name for this item is deprecated. Instead, use the ISO C and C++ conformant name: _stricmp. See online help for details.
C:\Users\rober\source\repos\quake2-full\ctf\g_ctf.c(3155,2): warning C4996: 'sprintf': This function or variable may be unsafe. Consider using sprintf_s instead. To disable deprecation, use _CRT_SECURE_NO_WARNINGS. See online help for details.
C:\Users\rober\source\repos\quake2-full\ctf\g_ctf.c(3156,2): warning C4996: 'sprintf': This function or variable may be unsafe. Consider using sprintf_s instead. To disable deprecation, use _CRT_SECURE_NO_WARNINGS. See online help for details.
C:\Users\rober\source\repos\quake2-full\ctf\g_ctf.c(3213,43): warning C4100: 'p': unreferenced formal parameter
C:\Users\rober\source\repos\quake2-full\ctf\g_ctf.c(3326,5): warning C4996: 'sprintf': This function or variable may be unsafe. Consider using sprintf_s instead. To disable deprecation, use _CRT_SECURE_NO_WARNINGS. See online help for details.
C:\Users\rober\source\repos\quake2-full\ctf\g_ctf.c(3329,5): warning C4996: 'sprintf': This function or variable may be unsafe. Consider using sprintf_s instead. To disable deprecation, use _CRT_SECURE_NO_WARNINGS. See online help for details.
C:\Users\rober\source\repos\quake2-full\ctf\g_ctf.c(3336,4): warning C4996: 'sprintf': This function or variable may be unsafe. Consider using sprintf_s instead. To disable deprecation, use _CRT_SECURE_NO_WARNINGS. See online help for details.
C:\Users\rober\source\repos\quake2-full\ctf\g_ctf.c(3342,4): warning C4996: 'sprintf': This function or variable may be unsafe. Consider using sprintf_s instead. To disable deprecation, use _CRT_SECURE_NO_WARNINGS. See online help for details.
C:\Users\rober\source\repos\quake2-full\ctf\g_ctf.c(3363,95): warning C4100: 'surf': unreferenced formal parameter
C:\Users\rober\source\repos\quake2-full\ctf\g_ctf.c(3363,76): warning C4100: 'plane': unreferenced formal parameter
C:\Users\rober\source\repos\quake2-full\ctf\g_ctf.c(3481,13): warning C4459: declaration of 'st' hides global declaration
C:\Users\rober\source\repos\quake2-full\ctf\g_local.h(464,21): message : see declaration of 'st'
C:\Users\rober\source\repos\quake2-full\ctf\g_ctf.c(3491,3): warning C4996: 'sprintf': This function or variable may be unsafe. Consider using sprintf_s instead. To disable deprecation, use _CRT_SECURE_NO_WARNINGS. See online help for details.
C:\Users\rober\source\repos\quake2-full\ctf\g_ctf.c(3502,3): warning C4996: 'sprintf': This function or variable may be unsafe. Consider using sprintf_s instead. To disable deprecation, use _CRT_SECURE_NO_WARNINGS. See online help for details.
C:\Users\rober\source\repos\quake2-full\ctf\g_ctf.c(3513,3): warning C4996: 'sprintf': This function or variable may be unsafe. Consider using sprintf_s instead. To disable deprecation, use _CRT_SECURE_NO_WARNINGS. See online help for details.
C:\Users\rober\source\repos\quake2-full\ctf\g_ctf.c(3525,3): warning C4996: 'sprintf': This function or variable may be unsafe. Consider using sprintf_s instead. To disable deprecation, use _CRT_SECURE_NO_WARNINGS. See online help for details.
C:\Users\rober\source\repos\quake2-full\ctf\g_ctf.c(3537,3): warning C4996: 'sprintf': This function or variable may be unsafe. Consider using sprintf_s instead. To disable deprecation, use _CRT_SECURE_NO_WARNINGS. See online help for details.
C:\Users\rober\source\repos\quake2-full\ctf\g_ctf.c(3549,3): warning C4996: 'sprintf': This function or variable may be unsafe. Consider using sprintf_s instead. To disable deprecation, use _CRT_SECURE_NO_WARNINGS. See online help for details.
C:\Users\rober\source\repos\quake2-full\ctf\g_ctf.c(3556,3): warning C4996: 'sprintf': This function or variable may be unsafe. Consider using sprintf_s instead. To disable deprecation, use _CRT_SECURE_NO_WARNINGS. See online help for details.
C:\Users\rober\source\repos\quake2-full\ctf\g_ctf.c(3563,3): warning C4996: 'sprintf': This function or variable may be unsafe. Consider using sprintf_s instead. To disable deprecation, use _CRT_SECURE_NO_WARNINGS. See online help for details.
C:\Users\rober\source\repos\quake2-full\ctf\g_ctf.c(3573,20): warning C4189: 'settings': local variable is initialized but not referenced
C:\Users\rober\source\repos\quake2-full\ctf\g_ctf.c(3658,2): warning C4996: 'sprintf': This function or variable may be unsafe. Consider using sprintf_s instead. To disable deprecation, use _CRT_SECURE_NO_WARNINGS. See online help for details.
C:\Users\rober\source\repos\quake2-full\ctf\g_ctf.c(3662,2): warning C4996: 'sprintf': This function or variable may be unsafe. Consider using sprintf_s instead. To disable deprecation, use _CRT_SECURE_NO_WARNINGS. See online help for details.
C:\Users\rober\source\repos\quake2-full\ctf\g_ctf.c(3666,2): warning C4996: 'sprintf': This function or variable may be unsafe. Consider using sprintf_s instead. To disable deprecation, use _CRT_SECURE_NO_WARNINGS. See online help for details.
C:\Users\rober\source\repos\quake2-full\ctf\g_ctf.c(3670,2): warning C4996: 'sprintf': This function or variable may be unsafe. Consider using sprintf_s instead. To disable deprecation, use _CRT_SECURE_NO_WARNINGS. See online help for details.
C:\Users\rober\source\repos\quake2-full\ctf\g_ctf.c(3674,2): warning C4996: 'sprintf': This function or variable may be unsafe. Consider using sprintf_s instead. To disable deprecation, use _CRT_SECURE_NO_WARNINGS. See online help for details.
C:\Users\rober\source\repos\quake2-full\ctf\g_ctf.c(3678,2): warning C4996: 'sprintf': This function or variable may be unsafe. Consider using sprintf_s instead. To disable deprecation, use _CRT_SECURE_NO_WARNINGS. See online help for details.
C:\Users\rober\source\repos\quake2-full\ctf\g_ctf.c(3682,2): warning C4996: 'sprintf': This function or variable may be unsafe. Consider using sprintf_s instead. To disable deprecation, use _CRT_SECURE_NO_WARNINGS. See online help for details.
C:\Users\rober\source\repos\quake2-full\ctf\g_ctf.c(3686,2): warning C4996: 'sprintf': This function or variable may be unsafe. Consider using sprintf_s instead. To disable deprecation, use _CRT_SECURE_NO_WARNINGS. See online help for details.
C:\Users\rober\source\repos\quake2-full\ctf\g_ctf.c(3709,50): warning C4100: 'p': unreferenced formal parameter
C:\Users\rober\source\repos\quake2-full\ctf\g_ctf.c(3731,50): warning C4100: 'p': unreferenced formal parameter
C:\Users\rober\source\repos\quake2-full\ctf\g_ctf.c(3747,51): warning C4100: 'p': unreferenced formal parameter
C:\Users\rober\source\repos\quake2-full\ctf\g_ctf.c(3759,48): warning C4100: 'p': unreferenced formal parameter
C:\Users\rober\source\repos\quake2-full\ctf\g_ctf.c(3808,3): warning C4996: 'sprintf': This function or variable may be unsafe. Consider using sprintf_s instead. To disable deprecation, use _CRT_SECURE_NO_WARNINGS. See online help for details.
C:\Users\rober\source\repos\quake2-full\ctf\g_ctf.c(3826,13): warning C4459: declaration of 'st' hides global declaration
C:\Users\rober\source\repos\quake2-full\ctf\g_local.h(464,21): message : see declaration of 'st'
C:\Users\rober\source\repos\quake2-full\ctf\g_ctf.c(3839,12): warning C4996: 'strcat': This function or variable may be unsafe. Consider using strcat_s instead. To disable deprecation, use _CRT_SECURE_NO_WARNINGS. See online help for details.
C:\Users\rober\source\repos\quake2-full\ctf\g_ctf.c(3855,8): warning C4996: 'strcat': This function or variable may be unsafe. Consider using strcat_s instead. To disable deprecation, use _CRT_SECURE_NO_WARNINGS. See online help for details.
C:\Users\rober\source\repos\quake2-full\ctf\g_ctf.c(3879,9): warning C4996: 'strcat': This function or variable may be unsafe. Consider using strcat_s instead. To disable deprecation, use _CRT_SECURE_NO_WARNINGS. See online help for details.
C:\Users\rober\source\repos\quake2-full\ctf\g_ctf.c(3837,5): warning C4996: 'sprintf': This function or variable may be unsafe. Consider using sprintf_s instead. To disable deprecation, use _CRT_SECURE_NO_WARNINGS. See online help for details.
C:\Users\rober\source\repos\quake2-full\ctf\g_ctf.c(3865,3): warning C4996: 'sprintf': This function or variable may be unsafe. Consider using sprintf_s instead. To disable deprecation, use _CRT_SECURE_NO_WARNINGS. See online help for details.
C:\Users\rober\source\repos\quake2-full\ctf\g_ctf.c(3875,4): warning C4996: 'sprintf': This function or variable may be unsafe. Consider using sprintf_s instead. To disable deprecation, use _CRT_SECURE_NO_WARNINGS. See online help for details.
C:\Users\rober\source\repos\quake2-full\ctf\g_ctf.c(3887,13): warning C4459: declaration of 'st' hides global declaration
C:\Users\rober\source\repos\quake2-full\ctf\g_local.h(464,21): message : see declaration of 'st'
C:\Users\rober\source\repos\quake2-full\ctf\g_ctf.c(3900,12): warning C4996: 'strcat': This function or variable may be unsafe. Consider using strcat_s instead. To disable deprecation, use _CRT_SECURE_NO_WARNINGS. See online help for details.
C:\Users\rober\source\repos\quake2-full\ctf\g_ctf.c(3927,9): warning C4996: 'strcat': This function or variable may be unsafe. Consider using strcat_s instead. To disable deprecation, use _CRT_SECURE_NO_WARNINGS. See online help for details.
C:\Users\rober\source\repos\quake2-full\ctf\g_ctf.c(3898,5): warning C4996: 'sprintf': This function or variable may be unsafe. Consider using sprintf_s instead. To disable deprecation, use _CRT_SECURE_NO_WARNINGS. See online help for details.
C:\Users\rober\source\repos\quake2-full\ctf\g_ctf.c(3912,3): warning C4996: 'sprintf': This function or variable may be unsafe. Consider using sprintf_s instead. To disable deprecation, use _CRT_SECURE_NO_WARNINGS. See online help for details.
C:\Users\rober\source\repos\quake2-full\ctf\g_ctf.c(3923,4): warning C4996: 'sprintf': This function or variable may be unsafe. Consider using sprintf_s instead. To disable deprecation, use _CRT_SECURE_NO_WARNINGS. See online help for details.
C:\Users\rober\source\repos\quake2-full\ctf\g_ctf.c(3945,10): warning C4996: 'strdup': The POSIX name for this item is deprecated. Instead, use the ISO C and C++ conformant name: _strdup. See online help for details.
C:\Users\rober\source\repos\quake2-full\ctf\g_ctf.c(3947,10): warning C4996: 'strtok': This function or variable may be unsafe. Consider using strtok_s instead. To disable deprecation, use _CRT_SECURE_NO_WARNINGS. See online help for details.
C:\Users\rober\source\repos\quake2-full\ctf\g_ctf.c(3951,11): warning C4996: 'strtok': This function or variable may be unsafe. Consider using strtok_s instead. To disable deprecation, use _CRT_SECURE_NO_WARNINGS. See online help for details.
C:\Users\rober\source\repos\quake2-full\ctf\g_ctf.c(3967,3): warning C4996: 'strncpy': This function or variable may be unsafe. Consider using strncpy_s instead. To disable deprecation, use _CRT_SECURE_NO_WARNINGS. See online help for details.
C:\Users\rober\source\repos\quake2-full\ctf\g_ctf.c(3972,2): warning C4996: 'sprintf': This function or variable may be unsafe. Consider using sprintf_s instead. To disable deprecation, use _CRT_SECURE_NO_WARNINGS. See online help for details.
C:\Users\rober\source\repos\quake2-full\ctf\g_ctf.c(3975,3): warning C4996: 'strncpy': This function or variable may be unsafe. Consider using strncpy_s instead. To disable deprecation, use _CRT_SECURE_NO_WARNINGS. See online help for details.
C:\Users\rober\source\repos\quake2-full\ctf\g_ctf.c(4011,2): warning C4996: 'sprintf': This function or variable may be unsafe. Consider using sprintf_s instead. To disable deprecation, use _CRT_SECURE_NO_WARNINGS. See online help for details.
  g_func.c
C:\Users\rober\source\repos\quake2-full\ctf\g_func.c(428,55): warning C4100: 'activator': unreferenced formal parameter
C:\Users\rober\source\repos\quake2-full\ctf\g_func.c(428,39): warning C4100: 'other': unreferenced formal parameter
C:\Users\rober\source\repos\quake2-full\ctf\g_func.c(436,84): warning C4100: 'surf': unreferenced formal parameter
C:\Users\rober\source\repos\quake2-full\ctf\g_func.c(436,65): warning C4100: 'plane': unreferenced formal parameter
C:\Users\rober\source\repos\quake2-full\ctf\g_func.c(600,82): warning C4100: 'surf': unreferenced formal parameter
C:\Users\rober\source\repos\quake2-full\ctf\g_func.c(600,63): warning C4100: 'plane': unreferenced formal parameter
C:\Users\rober\source\repos\quake2-full\ctf\g_func.c(606,60): warning C4100: 'activator': unreferenced formal parameter
C:\Users\rober\source\repos\quake2-full\ctf\g_func.c(606,44): warning C4100: 'other': unreferenced formal parameter
C:\Users\rober\source\repos\quake2-full\ctf\g_func.c(737,42): warning C4100: 'other': unreferenced formal parameter
C:\Users\rober\source\repos\quake2-full\ctf\g_func.c(743,80): warning C4100: 'surf': unreferenced formal parameter
C:\Users\rober\source\repos\quake2-full\ctf\g_func.c(743,61): warning C4100: 'plane': unreferenced formal parameter
C:\Users\rober\source\repos\quake2-full\ctf\g_func.c(755,94): warning C4100: 'point': unreferenced formal parameter
C:\Users\rober\source\repos\quake2-full\ctf\g_func.c(755,79): warning C4100: 'damage': unreferenced formal parameter
C:\Users\rober\source\repos\quake2-full\ctf\g_func.c(755,45): warning C4100: 'inflictor': unreferenced formal parameter
C:\Users\rober\source\repos\quake2-full\ctf\g_func.c(949,40): warning C4100: 'other': unreferenced formal parameter
C:\Users\rober\source\repos\quake2-full\ctf\g_func.c(980,85): warning C4100: 'surf': unreferenced formal parameter
C:\Users\rober\source\repos\quake2-full\ctf\g_func.c(980,66): warning C4100: 'plane': unreferenced formal parameter
C:\Users\rober\source\repos\quake2-full\ctf\g_func.c(1113,92): warning C4100: 'point': unreferenced formal parameter
C:\Users\rober\source\repos\quake2-full\ctf\g_func.c(1113,77): warning C4100: 'damage': unreferenced formal parameter
C:\Users\rober\source\repos\quake2-full\ctf\g_func.c(1113,43): warning C4100: 'inflictor': unreferenced formal parameter
C:\Users\rober\source\repos\quake2-full\ctf\g_func.c(1125,78): warning C4100: 'surf': unreferenced formal parameter
C:\Users\rober\source\repos\quake2-full\ctf\g_func.c(1125,59): warning C4100: 'plane': unreferenced formal parameter
C:\Users\rober\source\repos\quake2-full\ctf\g_func.c(1632,41): warning C4100: 'other': unreferenced formal parameter
C:\Users\rober\source\repos\quake2-full\ctf\g_func.c(1698,68): warning C4100: 'activator': unreferenced formal parameter
C:\Users\rober\source\repos\quake2-full\ctf\g_func.c(1776,46): warning C4100: 'other': unreferenced formal parameter
C:\Users\rober\source\repos\quake2-full\ctf\g_func.c(1824,65): warning C4100: 'activator': unreferenced formal parameter
C:\Users\rober\source\repos\quake2-full\ctf\g_func.c(1824,49): warning C4100: 'other': unreferenced formal parameter
C:\Users\rober\source\repos\quake2-full\ctf\g_func.c(1885,63): warning C4100: 'activator': unreferenced formal parameter
C:\Users\rober\source\repos\quake2-full\ctf\g_func.c(1885,47): warning C4100: 'other': unreferenced formal parameter
C:\Users\rober\source\repos\quake2-full\ctf\g_func.c(1959,96): warning C4100: 'point': unreferenced formal parameter
C:\Users\rober\source\repos\quake2-full\ctf\g_func.c(1959,81): warning C4100: 'damage': unreferenced formal parameter
C:\Users\rober\source\repos\quake2-full\ctf\g_func.c(1959,47): warning C4100: 'inflictor': unreferenced formal parameter
C:\Users\rober\source\repos\quake2-full\ctf\g_func.c(2036,59): warning C4100: 'activator': unreferenced formal parameter
C:\Users\rober\source\repos\quake2-full\ctf\g_func.c(2036,43): warning C4100: 'other': unreferenced formal parameter
  g_items.c
C:\Users\rober\source\repos\quake2-full\ctf\g_items.c(43,30): warning C4211: nonstandard extension used: redefined extern to static
C:\Users\rober\source\repos\quake2-full\ctf\g_items.c(44,30): warning C4211: nonstandard extension used: redefined extern to static
C:\Users\rober\source\repos\quake2-full\ctf\g_items.c(45,28): warning C4211: nonstandard extension used: redefined extern to static
C:\Users\rober\source\repos\quake2-full\ctf\g_items.c(724,45): warning C4100: 'item': unreferenced formal parameter
C:\Users\rober\source\repos\quake2-full\ctf\g_items.c(780,77): warning C4100: 'surf': unreferenced formal parameter
C:\Users\rober\source\repos\quake2-full\ctf\g_items.c(780,58): warning C4100: 'plane': unreferenced formal parameter
C:\Users\rober\source\repos\quake2-full\ctf\g_items.c(914,55): warning C4100: 'activator': unreferenced formal parameter
C:\Users\rober\source\repos\quake2-full\ctf\g_items.c(914,39): warning C4100: 'other': unreferenced formal parameter
  g_main.c
C:\Users\rober\source\repos\quake2-full\ctf\g_main.c(148,2): warning C4996: 'vsprintf': This function or variable may be unsafe. Consider using vsprintf_s instead. To disable deprecation, use _CRT_SECURE_NO_WARNINGS. See online help for details.
C:\Users\rober\source\repos\quake2-full\ctf\g_main.c(160,2): warning C4996: 'vsprintf': This function or variable may be unsafe. Consider using vsprintf_s instead. To disable deprecation, use _CRT_SECURE_NO_WARNINGS. See online help for details.
C:\Users\rober\source\repos\quake2-full\ctf\g_main.c(238,7): warning C4996: 'strdup': The POSIX name for this item is deprecated. Instead, use the ISO C and C++ conformant name: _strdup. See online help for details.
C:\Users\rober\source\repos\quake2-full\ctf\g_main.c(240,7): warning C4996: 'strtok': This function or variable may be unsafe. Consider using strtok_s instead. To disable deprecation, use _CRT_SECURE_NO_WARNINGS. See online help for details.
C:\Users\rober\source\repos\quake2-full\ctf\g_main.c(244,9): warning C4996: 'strtok': This function or variable may be unsafe. Consider using strtok_s instead. To disable deprecation, use _CRT_SECURE_NO_WARNINGS. See online help for details.
C:\Users\rober\source\repos\quake2-full\ctf\g_main.c(257,8): warning C4996: 'strtok': This function or variable may be unsafe. Consider using strtok_s instead. To disable deprecation, use _CRT_SECURE_NO_WARNINGS. See online help for details.
  g_misc.c
C:\Users\rober\source\repos\quake2-full\ctf\g_misc.c(31,61): warning C4100: 'activator': unreferenced formal parameter
C:\Users\rober\source\repos\quake2-full\ctf\g_misc.c(31,45): warning C4100: 'other': unreferenced formal parameter
C:\Users\rober\source\repos\quake2-full\ctf\g_misc.c(104,77): warning C4100: 'surf': unreferenced formal parameter
C:\Users\rober\source\repos\quake2-full\ctf\g_misc.c(104,41): warning C4100: 'other': unreferenced formal parameter
C:\Users\rober\source\repos\quake2-full\ctf\g_misc.c(130,88): warning C4100: 'point': unreferenced formal parameter
C:\Users\rober\source\repos\quake2-full\ctf\g_misc.c(130,73): warning C4100: 'damage': unreferenced formal parameter
C:\Users\rober\source\repos\quake2-full\ctf\g_misc.c(130,59): warning C4100: 'attacker': unreferenced formal parameter
C:\Users\rober\source\repos\quake2-full\ctf\g_misc.c(130,39): warning C4100: 'inflictor': unreferenced formal parameter
C:\Users\rober\source\repos\quake2-full\ctf\g_misc.c(276,91): warning C4100: 'point': unreferenced formal parameter
C:\Users\rober\source\repos\quake2-full\ctf\g_misc.c(276,76): warning C4100: 'damage': unreferenced formal parameter
C:\Users\rober\source\repos\quake2-full\ctf\g_misc.c(276,62): warning C4100: 'attacker': unreferenced formal parameter
C:\Users\rober\source\repos\quake2-full\ctf\g_misc.c(276,42): warning C4100: 'inflictor': unreferenced formal parameter
C:\Users\rober\source\repos\quake2-full\ctf\g_misc.c(358,85): warning C4100: 'surf': unreferenced formal parameter
C:\Users\rober\source\repos\quake2-full\ctf\g_misc.c(358,66): warning C4100: 'plane': unreferenced formal parameter
C:\Users\rober\source\repos\quake2-full\ctf\g_misc.c(437,86): warning C4100: 'surf': unreferenced formal parameter
C:\Users\rober\source\repos\quake2-full\ctf\g_misc.c(437,67): warning C4100: 'plane': unreferenced formal parameter
C:\Users\rober\source\repos\quake2-full\ctf\g_misc.c(574,64): warning C4100: 'activator': unreferenced formal parameter
C:\Users\rober\source\repos\quake2-full\ctf\g_misc.c(574,48): warning C4100: 'other': unreferenced formal parameter
C:\Users\rober\source\repos\quake2-full\ctf\g_misc.c(622,61): warning C4100: 'activator': unreferenced formal parameter
C:\Users\rober\source\repos\quake2-full\ctf\g_misc.c(622,45): warning C4100: 'other': unreferenced formal parameter
C:\Users\rober\source\repos\quake2-full\ctf\g_misc.c(694,85): warning C4100: 'surf': unreferenced formal parameter
C:\Users\rober\source\repos\quake2-full\ctf\g_misc.c(712,63): warning C4100: 'activator': unreferenced formal parameter
C:\Users\rober\source\repos\quake2-full\ctf\g_misc.c(712,47): warning C4100: 'other': unreferenced formal parameter
C:\Users\rober\source\repos\quake2-full\ctf\g_misc.c(774,103): warning C4100: 'point': unreferenced formal parameter
C:\Users\rober\source\repos\quake2-full\ctf\g_misc.c(774,88): warning C4100: 'damage': unreferenced formal parameter
C:\Users\rober\source\repos\quake2-full\ctf\g_misc.c(838,65): warning C4100: 'activator': unreferenced formal parameter
C:\Users\rober\source\repos\quake2-full\ctf\g_misc.c(843,68): warning C4100: 'activator': unreferenced formal parameter
C:\Users\rober\source\repos\quake2-full\ctf\g_misc.c(843,52): warning C4100: 'other': unreferenced formal parameter
C:\Users\rober\source\repos\quake2-full\ctf\g_misc.c(902,80): warning C4100: 'surf': unreferenced formal parameter
C:\Users\rober\source\repos\quake2-full\ctf\g_misc.c(902,61): warning C4100: 'plane': unreferenced formal parameter
C:\Users\rober\source\repos\quake2-full\ctf\g_misc.c(995,93): warning C4100: 'point': unreferenced formal parameter
C:\Users\rober\source\repos\quake2-full\ctf\g_misc.c(995,78): warning C4100: 'damage': unreferenced formal parameter
C:\Users\rober\source\repos\quake2-full\ctf\g_misc.c(995,44): warning C4100: 'inflictor': unreferenced formal parameter
C:\Users\rober\source\repos\quake2-full\ctf\g_misc.c(1050,65): warning C4100: 'activator': unreferenced formal parameter
C:\Users\rober\source\repos\quake2-full\ctf\g_misc.c(1050,49): warning C4100: 'other': unreferenced formal parameter
C:\Users\rober\source\repos\quake2-full\ctf\g_misc.c(1186,66): warning C4100: 'activator': unreferenced formal parameter
C:\Users\rober\source\repos\quake2-full\ctf\g_misc.c(1186,50): warning C4100: 'other': unreferenced formal parameter
C:\Users\rober\source\repos\quake2-full\ctf\g_misc.c(1246,101): warning C4100: 'point': unreferenced formal parameter
C:\Users\rober\source\repos\quake2-full\ctf\g_misc.c(1246,72): warning C4100: 'attacker': unreferenced formal parameter
C:\Users\rober\source\repos\quake2-full\ctf\g_misc.c(1246,52): warning C4100: 'inflictor': unreferenced formal parameter
C:\Users\rober\source\repos\quake2-full\ctf\g_misc.c(1359,89): warning C4100: 'surf': unreferenced formal parameter
C:\Users\rober\source\repos\quake2-full\ctf\g_misc.c(1359,70): warning C4100: 'plane': unreferenced formal parameter
C:\Users\rober\source\repos\quake2-full\ctf\g_misc.c(1359,53): warning C4100: 'other': unreferenced formal parameter
C:\Users\rober\source\repos\quake2-full\ctf\g_misc.c(1387,51): warning C4100: 'other': unreferenced formal parameter
C:\Users\rober\source\repos\quake2-full\ctf\g_misc.c(1481,71): warning C4100: 'activator': unreferenced formal parameter
C:\Users\rober\source\repos\quake2-full\ctf\g_misc.c(1481,55): warning C4100: 'other': unreferenced formal parameter
C:\Users\rober\source\repos\quake2-full\ctf\g_misc.c(1606,65): warning C4100: 'activator': unreferenced formal parameter
C:\Users\rober\source\repos\quake2-full\ctf\g_misc.c(1606,49): warning C4100: 'other': unreferenced formal parameter
C:\Users\rober\source\repos\quake2-full\ctf\g_misc.c(1729,11): warning C4996: 'localtime': This function or variable may be unsafe. Consider using localtime_s instead. To disable deprecation, use _CRT_SECURE_NO_WARNINGS. See online help for details.
C:\Users\rober\source\repos\quake2-full\ctf\g_misc.c(1769,46): warning C4100: 'other': unreferenced formal parameter
C:\Users\rober\source\repos\quake2-full\ctf\g_misc.c(1812,84): warning C4100: 'surf': unreferenced formal parameter
C:\Users\rober\source\repos\quake2-full\ctf\g_misc.c(1812,65): warning C4100: 'plane': unreferenced formal parameter
  g_monster.c
C:\Users\rober\source\repos\quake2-full\ctf\g_monster.c(91,95): warning C4100: 'kick': unreferenced formal parameter
C:\Users\rober\source\repos\quake2-full\ctf\g_monster.c(440,43): warning C4100: 'other': unreferenced formal parameter
C:\Users\rober\source\repos\quake2-full\ctf\g_monster.c(483,59): warning C4100: 'other': unreferenced formal parameter
  g_phys.c
  g_save.c
C:\Users\rober\source\repos\quake2-full\ctf\g_save.c(238,25): warning C4100: 'f': unreferenced formal parameter
C:\Users\rober\source\repos\quake2-full\ctf\g_save.c(451,9): warning C4996: 'strcpy': This function or variable may be unsafe. Consider using strcpy_s instead. To disable deprecation, use _CRT_SECURE_NO_WARNINGS. See online help for details.
C:\Users\rober\source\repos\quake2-full\ctf\g_save.c(446,6): warning C4996: 'fopen': This function or variable may be unsafe. Consider using fopen_s instead. To disable deprecation, use _CRT_SECURE_NO_WARNINGS. See online help for details.
C:\Users\rober\source\repos\quake2-full\ctf\g_save.c(472,6): warning C4996: 'fopen': This function or variable may be unsafe. Consider using fopen_s instead. To disable deprecation, use _CRT_SECURE_NO_WARNINGS. See online help for details.
C:\Users\rober\source\repos\quake2-full\ctf\g_save.c(612,6): warning C4996: 'fopen': This function or variable may be unsafe. Consider using fopen_s instead. To disable deprecation, use _CRT_SECURE_NO_WARNINGS. See online help for details.
C:\Users\rober\source\repos\quake2-full\ctf\g_save.c(667,6): warning C4996: 'fopen': This function or variable may be unsafe. Consider using fopen_s instead. To disable deprecation, use _CRT_SECURE_NO_WARNINGS. See online help for details.
  g_spawn.c
C:\Users\rober\source\repos\quake2-full\ctf\g_spawn.c(400,5): warning C4996: 'sscanf': This function or variable may be unsafe. Consider using sscanf_s instead. To disable deprecation, use _CRT_SECURE_NO_WARNINGS. See online help for details.
C:\Users\rober\source\repos\quake2-full\ctf\g_spawn.c(453,3): warning C4996: 'strncpy': This function or variable may be unsafe. Consider using strncpy_s instead. To disable deprecation, use _CRT_SECURE_NO_WARNINGS. See online help for details.
C:\Users\rober\source\repos\quake2-full\ctf\g_spawn.c(563,2): warning C4996: 'strncpy': This function or variable may be unsafe. Consider using strncpy_s instead. To disable deprecation, use _CRT_SECURE_NO_WARNINGS. See online help for details.
C:\Users\rober\source\repos\quake2-full\ctf\g_spawn.c(564,2): warning C4996: 'strncpy': This function or variable may be unsafe. Consider using strncpy_s instead. To disable deprecation, use _CRT_SECURE_NO_WARNINGS. See online help for details.
C:\Users\rober\source\repos\quake2-full\ctf\g_spawn.c(590,8): warning C4996: 'stricmp': The POSIX name for this item is deprecated. Instead, use the ISO C and C++ conformant name: _stricmp. See online help for details.
C:\Users\rober\source\repos\quake2-full\ctf\g_spawn.c(810,10): warning C4996: 'strcpy': This function or variable may be unsafe. Consider using strcpy_s instead. To disable deprecation, use _CRT_SECURE_NO_WARNINGS. See online help for details.
C:\Users\rober\source\repos\quake2-full\ctf\g_spawn.c(817,3): warning C4996: 'strncpy': This function or variable may be unsafe. Consider using strncpy_s instead. To disable deprecation, use _CRT_SECURE_NO_WARNINGS. See online help for details.
C:\Users\rober\source\repos\quake2-full\ctf\g_spawn.c(820,3): warning C4996: 'strncpy': This function or variable may be unsafe. Consider using strncpy_s instead. To disable deprecation, use _CRT_SECURE_NO_WARNINGS. See online help for details.
  g_svcmds.c
  g_target.c
C:\Users\rober\source\repos\quake2-full\ctf\g_target.c(26,62): warning C4100: 'activator': unreferenced formal parameter
C:\Users\rober\source\repos\quake2-full\ctf\g_target.c(26,46): warning C4100: 'other': unreferenced formal parameter
C:\Users\rober\source\repos\quake2-full\ctf\g_target.c(58,65): warning C4100: 'activator': unreferenced formal parameter
C:\Users\rober\source\repos\quake2-full\ctf\g_target.c(58,49): warning C4100: 'other': unreferenced formal parameter
C:\Users\rober\source\repos\quake2-full\ctf\g_target.c(93,3): warning C4996: 'strncpy': This function or variable may be unsafe. Consider using strncpy_s instead. To disable deprecation, use _CRT_SECURE_NO_WARNINGS. See online help for details.
C:\Users\rober\source\repos\quake2-full\ctf\g_target.c(121,3): warning C4996: 'strncpy': This function or variable may be unsafe. Consider using strncpy_s instead. To disable deprecation, use _CRT_SECURE_NO_WARNINGS. See online help for details.
C:\Users\rober\source\repos\quake2-full\ctf\g_target.c(123,3): warning C4996: 'strncpy': This function or variable may be unsafe. Consider using strncpy_s instead. To disable deprecation, use _CRT_SECURE_NO_WARNINGS. See online help for details.
C:\Users\rober\source\repos\quake2-full\ctf\g_target.c(118,62): warning C4100: 'activator': unreferenced formal parameter
C:\Users\rober\source\repos\quake2-full\ctf\g_target.c(118,46): warning C4100: 'other': unreferenced formal parameter
C:\Users\rober\source\repos\quake2-full\ctf\g_target.c(154,48): warning C4100: 'other': unreferenced formal parameter
C:\Users\rober\source\repos\quake2-full\ctf\g_target.c(179,7): warning C4996: 'stricmp': The POSIX name for this item is deprecated. Instead, use the ISO C and C++ conformant name: _stricmp. See online help for details.
C:\Users\rober\source\repos\quake2-full\ctf\g_target.c(189,46): warning C4100: 'other': unreferenced formal parameter
C:\Users\rober\source\repos\quake2-full\ctf\g_target.c(244,52): warning C4100: 'other': unreferenced formal parameter
C:\Users\rober\source\repos\quake2-full\ctf\g_target.c(312,8): warning C4996: 'stricmp': The POSIX name for this item is deprecated. Instead, use the ISO C and C++ conformant name: _stricmp. See online help for details.
C:\Users\rober\source\repos\quake2-full\ctf\g_target.c(338,49): warning C4100: 'other': unreferenced formal parameter
C:\Users\rober\source\repos\quake2-full\ctf\g_target.c(380,66): warning C4100: 'activator': unreferenced formal parameter
C:\Users\rober\source\repos\quake2-full\ctf\g_target.c(380,50): warning C4100: 'other': unreferenced formal parameter
C:\Users\rober\source\repos\quake2-full\ctf\g_target.c(416,66): warning C4100: 'activator': unreferenced formal parameter
C:\Users\rober\source\repos\quake2-full\ctf\g_target.c(416,50): warning C4100: 'other': unreferenced formal parameter
C:\Users\rober\source\repos\quake2-full\ctf\g_target.c(451,78): warning C4100: 'activator': unreferenced formal parameter
C:\Users\rober\source\repos\quake2-full\ctf\g_target.c(451,62): warning C4100: 'other': unreferenced formal parameter
C:\Users\rober\source\repos\quake2-full\ctf\g_target.c(576,48): warning C4100: 'other': unreferenced formal parameter
C:\Users\rober\source\repos\quake2-full\ctf\g_target.c(679,68): warning C4100: 'activator': unreferenced formal parameter
C:\Users\rober\source\repos\quake2-full\ctf\g_target.c(679,52): warning C4100: 'other': unreferenced formal parameter
C:\Users\rober\source\repos\quake2-full\ctf\g_target.c(785,53): warning C4100: 'other': unreferenced formal parameter
  g_trigger.c
C:\Users\rober\source\repos\quake2-full\ctf\g_trigger.c(66,40): warning C4100: 'other': unreferenced formal parameter
C:\Users\rober\source\repos\quake2-full\ctf\g_trigger.c(72,79): warning C4100: 'surf': unreferenced formal parameter
C:\Users\rober\source\repos\quake2-full\ctf\g_trigger.c(72,60): warning C4100: 'plane': unreferenced formal parameter
C:\Users\rober\source\repos\quake2-full\ctf\g_trigger.c(111,62): warning C4100: 'activator': unreferenced formal parameter
C:\Users\rober\source\repos\quake2-full\ctf\g_trigger.c(111,46): warning C4100: 'other': unreferenced formal parameter
C:\Users\rober\source\repos\quake2-full\ctf\g_trigger.c(189,49): warning C4100: 'other': unreferenced formal parameter
C:\Users\rober\source\repos\quake2-full\ctf\g_trigger.c(212,47): warning C4100: 'other': unreferenced formal parameter
C:\Users\rober\source\repos\quake2-full\ctf\g_trigger.c(326,50): warning C4100: 'other': unreferenced formal parameter
C:\Users\rober\source\repos\quake2-full\ctf\g_trigger.c(394,86): warning C4100: 'surf': unreferenced formal parameter
C:\Users\rober\source\repos\quake2-full\ctf\g_trigger.c(394,67): warning C4100: 'plane': unreferenced formal parameter
C:\Users\rober\source\repos\quake2-full\ctf\g_trigger.c(455,56): warning C4100: 'activator': unreferenced formal parameter
C:\Users\rober\source\repos\quake2-full\ctf\g_trigger.c(455,40): warning C4100: 'other': unreferenced formal parameter
C:\Users\rober\source\repos\quake2-full\ctf\g_trigger.c(468,78): warning C4100: 'surf': unreferenced formal parameter
C:\Users\rober\source\repos\quake2-full\ctf\g_trigger.c(468,59): warning C4100: 'plane': unreferenced formal parameter
C:\Users\rober\source\repos\quake2-full\ctf\g_trigger.c(532,89): warning C4100: 'surf': unreferenced formal parameter
C:\Users\rober\source\repos\quake2-full\ctf\g_trigger.c(532,70): warning C4100: 'plane': unreferenced formal parameter
C:\Users\rober\source\repos\quake2-full\ctf\g_trigger.c(566,93): warning C4100: 'surf': unreferenced formal parameter
C:\Users\rober\source\repos\quake2-full\ctf\g_trigger.c(566,74): warning C4100: 'plane': unreferenced formal parameter
  g_utils.c
C:\Users\rober\source\repos\quake2-full\ctf\g_utils.c(398,9): warning C4996: 'strcpy': This function or variable may be unsafe. Consider using strcpy_s instead. To disable deprecation, use _CRT_SECURE_NO_WARNINGS. See online help for details.
  g_weapon.c
C:\Users\rober\source\repos\quake2-full\ctf\g_weapon.c(450,68): warning C4100: 'plane': unreferenced formal parameter
  m_move.c
  p_client.c
C:\Users\rober\source\repos\quake2-full\ctf\p_client.c(56,31): warning C4996: 'stricmp': The POSIX name for this item is deprecated. Instead, use the ISO C and C++ conformant name: _stricmp. See online help for details.
C:\Users\rober\source\repos\quake2-full\ctf\p_client.c(74,5): warning C4996: 'stricmp': The POSIX name for this item is deprecated. Instead, use the ISO C and C++ conformant name: _stricmp. See online help for details.
C:\Users\rober\source\repos\quake2-full\ctf\p_client.c(70,42): warning C4100: 'self': unreferenced formal parameter
C:\Users\rober\source\repos\quake2-full\ctf\p_client.c(112,5): warning C4996: 'stricmp': The POSIX name for this item is deprecated. Instead, use the ISO C and C++ conformant name: _stricmp. See online help for details.
C:\Users\rober\source\repos\quake2-full\ctf\p_client.c(145,6): warning C4996: 'stricmp': The POSIX name for this item is deprecated. Instead, use the ISO C and C++ conformant name: _stricmp. See online help for details.
C:\Users\rober\source\repos\quake2-full\ctf\p_client.c(146,6): warning C4996: 'stricmp': The POSIX name for this item is deprecated. Instead, use the ISO C and C++ conformant name: _stricmp. See online help for details.
C:\Users\rober\source\repos\quake2-full\ctf\p_client.c(147,6): warning C4996: 'stricmp': The POSIX name for this item is deprecated. Instead, use the ISO C and C++ conformant name: _stricmp. See online help for details.
C:\Users\rober\source\repos\quake2-full\ctf\p_client.c(148,6): warning C4996: 'stricmp': The POSIX name for this item is deprecated. Instead, use the ISO C and C++ conformant name: _stricmp. See online help for details.
C:\Users\rober\source\repos\quake2-full\ctf\p_client.c(149,6): warning C4996: 'stricmp': The POSIX name for this item is deprecated. Instead, use the ISO C and C++ conformant name: _stricmp. See online help for details.
C:\Users\rober\source\repos\quake2-full\ctf\p_client.c(150,6): warning C4996: 'stricmp': The POSIX name for this item is deprecated. Instead, use the ISO C and C++ conformant name: _stricmp. See online help for details.
C:\Users\rober\source\repos\quake2-full\ctf\p_client.c(151,6): warning C4996: 'stricmp': The POSIX name for this item is deprecated. Instead, use the ISO C and C++ conformant name: _stricmp. See online help for details.
C:\Users\rober\source\repos\quake2-full\ctf\p_client.c(152,6): warning C4996: 'stricmp': The POSIX name for this item is deprecated. Instead, use the ISO C and C++ conformant name: _stricmp. See online help for details.
C:\Users\rober\source\repos\quake2-full\ctf\p_client.c(153,6): warning C4996: 'stricmp': The POSIX name for this item is deprecated. Instead, use the ISO C and C++ conformant name: _stricmp. See online help for details.
C:\Users\rober\source\repos\quake2-full\ctf\p_client.c(154,6): warning C4996: 'stricmp': The POSIX name for this item is deprecated. Instead, use the ISO C and C++ conformant name: _stricmp. See online help for details.
C:\Users\rober\source\repos\quake2-full\ctf\p_client.c(155,6): warning C4996: 'stricmp': The POSIX name for this item is deprecated. Instead, use the ISO C and C++ conformant name: _stricmp. See online help for details.
C:\Users\rober\source\repos\quake2-full\ctf\p_client.c(156,6): warning C4996: 'stricmp': The POSIX name for this item is deprecated. Instead, use the ISO C and C++ conformant name: _stricmp. See online help for details.
C:\Users\rober\source\repos\quake2-full\ctf\p_client.c(157,6): warning C4996: 'stricmp': The POSIX name for this item is deprecated. Instead, use the ISO C and C++ conformant name: _stricmp. See online help for details.
C:\Users\rober\source\repos\quake2-full\ctf\p_client.c(158,6): warning C4996: 'stricmp': The POSIX name for this item is deprecated. Instead, use the ISO C and C++ conformant name: _stricmp. See online help for details.
C:\Users\rober\source\repos\quake2-full\ctf\p_client.c(179,66): warning C4100: 'damage': unreferenced formal parameter
C:\Users\rober\source\repos\quake2-full\ctf\p_client.c(179,56): warning C4100: 'kick': unreferenced formal parameter
C:\Users\rober\source\repos\quake2-full\ctf\p_client.c(179,43): warning C4100: 'other': unreferenced formal parameter
C:\Users\rober\source\repos\quake2-full\ctf\p_client.c(179,28): warning C4100: 'self': unreferenced formal parameter
C:\Users\rober\source\repos\quake2-full\ctf\p_client.c(199,46): warning C4100: 'inflictor': unreferenced formal parameter
C:\Users\rober\source\repos\quake2-full\ctf\p_client.c(489,91): warning C4100: 'point': unreferenced formal parameter
C:\Users\rober\source\repos\quake2-full\ctf\p_client.c(964,89): warning C4100: 'point': unreferenced formal parameter
C:\Users\rober\source\repos\quake2-full\ctf\p_client.c(964,60): warning C4100: 'attacker': unreferenced formal parameter
C:\Users\rober\source\repos\quake2-full\ctf\p_client.c(964,40): warning C4100: 'inflictor': unreferenced formal parameter
C:\Users\rober\source\repos\quake2-full\ctf\p_client.c(1315,10): warning C4996: 'strcpy': This function or variable may be unsafe. Consider using strcpy_s instead. To disable deprecation, use _CRT_SECURE_NO_WARNINGS. See online help for details.
C:\Users\rober\source\repos\quake2-full\ctf\p_client.c(1320,2): warning C4996: 'strncpy': This function or variable may be unsafe. Consider using strncpy_s instead. To disable deprecation, use _CRT_SECURE_NO_WARNINGS. See online help for details.
C:\Users\rober\source\repos\quake2-full\ctf\p_client.c(1357,2): warning C4996: 'strncpy': This function or variable may be unsafe. Consider using strncpy_s instead. To disable deprecation, use _CRT_SECURE_NO_WARNINGS. See online help for details.
  Generating Code...
C:\Users\rober\source\repos\quake2-full\ctf\g_utils.c(215): warning C4706: assignment within conditional expression
C:\Users\rober\source\repos\quake2-full\ctf\g_utils.c(234): warning C4706: assignment within conditional expression
C:\Users\rober\source\repos\quake2-full\ctf\g_func.c(859): warning C4706: assignment within conditional expression
C:\Users\rober\source\repos\quake2-full\ctf\g_ctf.c(644): warning C4701: potentially uninitialized local variable 'carrier' used
C:\Users\rober\source\repos\quake2-full\ctf\g_ctf.c(644): warning C4703: potentially uninitialized local pointer variable 'carrier' used
C:\Users\rober\source\repos\quake2-full\ctf\g_combat.c(249): warning C4701: potentially uninitialized local variable 'index' used
C:\Users\rober\source\repos\quake2-full\ctf\g_combat.c(209): warning C4701: potentially uninitialized local variable 'power' used
  Compiling...
  p_hud.c
C:\Users\rober\source\repos\quake2-full\ctf\p_hud.c(246,11): warning C4996: 'strcpy': This function or variable may be unsafe. Consider using strcpy_s instead. To disable deprecation, use _CRT_SECURE_NO_WARNINGS. See online help for details.
C:\Users\rober\source\repos\quake2-full\ctf\p_hud.c(257,10): warning C4996: 'strcpy': This function or variable may be unsafe. Consider using strcpy_s instead. To disable deprecation, use _CRT_SECURE_NO_WARNINGS. See online help for details.
  p_menu.c
C:\Users\rober\source\repos\quake2-full\ctf\p_menu.c(48,27): warning C4996: 'strdup': The POSIX name for this item is deprecated. Instead, use the ISO C and C++ conformant name: _strdup. See online help for details.
C:\Users\rober\source\repos\quake2-full\ctf\p_menu.c(99,16): warning C4996: 'strdup': The POSIX name for this item is deprecated. Instead, use the ISO C and C++ conformant name: _strdup. See online help for details.
C:\Users\rober\source\repos\quake2-full\ctf\p_menu.c(121,8): warning C4996: 'strcpy': This function or variable may be unsafe. Consider using strcpy_s instead. To disable deprecation, use _CRT_SECURE_NO_WARNINGS. See online help for details.
C:\Users\rober\source\repos\quake2-full\ctf\p_menu.c(131,3): warning C4996: 'sprintf': This function or variable may be unsafe. Consider using sprintf_s instead. To disable deprecation, use _CRT_SECURE_NO_WARNINGS. See online help for details.
C:\Users\rober\source\repos\quake2-full\ctf\p_menu.c(139,3): warning C4996: 'sprintf': This function or variable may be unsafe. Consider using sprintf_s instead. To disable deprecation, use _CRT_SECURE_NO_WARNINGS. See online help for details.
C:\Users\rober\source\repos\quake2-full\ctf\p_menu.c(143,4): warning C4996: 'sprintf': This function or variable may be unsafe. Consider using sprintf_s instead. To disable deprecation, use _CRT_SECURE_NO_WARNINGS. See online help for details.
C:\Users\rober\source\repos\quake2-full\ctf\p_menu.c(145,4): warning C4996: 'sprintf': This function or variable may be unsafe. Consider using sprintf_s instead. To disable deprecation, use _CRT_SECURE_NO_WARNINGS. See online help for details.
C:\Users\rober\source\repos\quake2-full\ctf\p_menu.c(147,4): warning C4996: 'sprintf': This function or variable may be unsafe. Consider using sprintf_s instead. To disable deprecation, use _CRT_SECURE_NO_WARNINGS. See online help for details.
  p_trail.c
  p_view.c
C:\Users\rober\source\repos\quake2-full\ctf\p_view.c(42,27): warning C4100: 'angles': unreferenced formal parameter
  p_weapon.c
C:\Users\rober\source\repos\quake2-full\ctf\p_weapon.c(26,24): warning C4211: nonstandard extension used: redefined extern to static
C:\Users\rober\source\repos\quake2-full\ctf\p_weapon.c(557,6): warning C4996: 'stricmp': The POSIX name for this item is deprecated. Instead, use the ISO C and C++ conformant name: _stricmp. See online help for details.
  q_shared.c
C:\Users\rober\source\repos\quake2-full\ctf\q_shared.c(266,40): warning C4100: 'f': unreferenced formal parameter
C:\Users\rober\source\repos\quake2-full\ctf\q_shared.c(312,8): warning C4459: declaration of 'i' hides global declaration
C:\Users\rober\source\repos\quake2-full\ctf\q_shared.c(305,7): message : see declaration of 'i'
C:\Users\rober\source\repos\quake2-full\ctf\q_shared.c(315,19): warning C4459: declaration of 'corners' hides global declaration
C:\Users\rober\source\repos\quake2-full\ctf\q_shared.c(306,9): message : see declaration of 'corners'
C:\Users\rober\source\repos\quake2-full\ctf\q_shared.c(418,86): warning C4100: 'p': unreferenced formal parameter
C:\Users\rober\source\repos\quake2-full\ctf\q_shared.c(418,62): warning C4100: 'emaxs': unreferenced formal parameter
C:\Users\rober\source\repos\quake2-full\ctf\q_shared.c(418,48): warning C4100: 'emins': unreferenced formal parameter
C:\Users\rober\source\repos\quake2-full\ctf\q_shared.c(658,8): warning C4459: declaration of 'i' hides global declaration
C:\Users\rober\source\repos\quake2-full\ctf\q_shared.c(305,7): message : see declaration of 'i'
C:\Users\rober\source\repos\quake2-full\ctf\q_shared.c(764,8): warning C4459: declaration of 'i' hides global declaration
C:\Users\rober\source\repos\quake2-full\ctf\q_shared.c(305,7): message : see declaration of 'i'
C:\Users\rober\source\repos\quake2-full\ctf\q_shared.c(841,8): warning C4459: declaration of 'i' hides global declaration
C:\Users\rober\source\repos\quake2-full\ctf\q_shared.c(305,7): message : see declaration of 'i'
C:\Users\rober\source\repos\quake2-full\ctf\q_shared.c(876,3): warning C4996: 'strncpy': This function or variable may be unsafe. Consider using strncpy_s instead. To disable deprecation, use _CRT_SECURE_NO_WARNINGS. See online help for details.
C:\Users\rober\source\repos\quake2-full\ctf\q_shared.c(897,2): warning C4996: 'strncpy': This function or variable may be unsafe. Consider using strncpy_s instead. To disable deprecation, use _CRT_SECURE_NO_WARNINGS. See online help for details.
C:\Users\rober\source\repos\quake2-full\ctf\q_shared.c(923,9): warning C4996: 'strcat': This function or variable may be unsafe. Consider using strcat_s instead. To disable deprecation, use _CRT_SECURE_NO_WARNINGS. See online help for details.
C:\Users\rober\source\repos\quake2-full\ctf\q_shared.c(1056,2): warning C4996: 'vsprintf': This function or variable may be unsafe. Consider using vsprintf_s instead. To disable deprecation, use _CRT_SECURE_NO_WARNINGS. See online help for details.
C:\Users\rober\source\repos\quake2-full\ctf\q_shared.c(1164,8): warning C4459: declaration of 'i' hides global declaration
C:\Users\rober\source\repos\quake2-full\ctf\q_shared.c(305,7): message : see declaration of 'i'
C:\Users\rober\source\repos\quake2-full\ctf\q_shared.c(1231,8): warning C4996: 'vsprintf': This function or variable may be unsafe. Consider using vsprintf_s instead. To disable deprecation, use _CRT_SECURE_NO_WARNINGS. See online help for details.
C:\Users\rober\source\repos\quake2-full\ctf\q_shared.c(1235,2): warning C4996: 'strncpy': This function or variable may be unsafe. Consider using strncpy_s instead. To disable deprecation, use _CRT_SECURE_NO_WARNINGS. See online help for details.
C:\Users\rober\source\repos\quake2-full\ctf\q_shared.c(1335,11): warning C4996: 'strcpy': This function or variable may be unsafe. Consider using strcpy_s instead. To disable deprecation, use _CRT_SECURE_NO_WARNINGS. See online help for details.
  Generating Code...
C:\Users\rober\source\repos\quake2-full\ctf\p_hud.c(441): warning C4701: potentially uninitialized local variable 'cells' used
C:\Program Files (x86)\Microsoft Visual Studio\2019\Enterprise\MSBuild\Microsoft\VC\v160\Microsoft.CppBuild.targets(1363,5): warning MSB8012: TargetPath(C:\Users\rober\source\repos\quake2-full\ctf\release\ctf.dll) does not match the Linker's OutputFile property value (C:\Users\rober\source\repos\quake2-full\ctf\release\gamex86.dll). This may cause your project to build incorrectly. To correct this, please make sure that $(OutDir), $(TargetName) and $(TargetExt) property values match the value specified in %(Link.OutputFile).
C:\Program Files (x86)\Microsoft Visual Studio\2019\Enterprise\MSBuild\Microsoft\VC\v160\Microsoft.CppBuild.targets(1365,5): warning MSB8012: TargetName(ctf) does not match the Linker's OutputFile property value (gamex86). This may cause your project to build incorrectly. To correct this, please make sure that $(OutDir), $(TargetName) and $(TargetExt) property values match the value specified in %(Link.OutputFile).
     Creating library .\release\gamex86.lib and object .\release\gamex86.exp
  ctf.vcxproj -> C:\Users\rober\source\repos\quake2-full\ctf\release\ctf.dll
